<?xml version="1.0" encoding="UTF-8"?>
<!-- Generated by org.testng.reporters.JUnitReportReporter -->
<testsuite hostname="DESKTOP-7EROBPE" failures="0" tests="1" name="testCase.TC007_RightContextClick" time="9.502" errors="0" timestamp="2022-08-07T23:34:24 BDT" skipped="0">
  <testcase classname="testCase.TC007_RightContextClick" name="doubleClickRightClick" time="9.502"/>
  <system-out/>
</testsuite> <!-- testCase.TC007_RightContextClick -->
